.\Debug\PT Project.bsc
.\Debug\PT Project.ilk
.\Debug\PT Project.pdb
H:\to delete\CMP103 Project S2014 - ALL Docs - Instructor\PROJECT\CMP103 Project S2015 - ALL Docs - student\Project Framework\.\Debug\PT Project.exe
H:\to delete\CMP103 Project S2014 - ALL Docs - Instructor\PROJECT\CMP103 Project S2015 - ALL Docs - student\Project Framework\.\Debug\PT Project.exe.intermediate.manifest
H:\TO DELETE\CMP103 PROJECT S2014 - ALL DOCS - INSTRUCTOR\PROJECT\CMP103 PROJECT S2015 - ALL DOCS - STUDENT\PROJECT FRAMEWORK\DEBUG\ADDSMPLASSIGN.OBJ
H:\TO DELETE\CMP103 PROJECT S2014 - ALL DOCS - INSTRUCTOR\PROJECT\CMP103 PROJECT S2015 - ALL DOCS - STUDENT\PROJECT FRAMEWORK\DEBUG\ADDSMPLASSIGN.SBR
H:\TO DELETE\CMP103 PROJECT S2014 - ALL DOCS - INSTRUCTOR\PROJECT\CMP103 PROJECT S2015 - ALL DOCS - STUDENT\PROJECT FRAMEWORK\DEBUG\APPLICATIONMANAGER.OBJ
H:\TO DELETE\CMP103 PROJECT S2014 - ALL DOCS - INSTRUCTOR\PROJECT\CMP103 PROJECT S2015 - ALL DOCS - STUDENT\PROJECT FRAMEWORK\DEBUG\APPLICATIONMANAGER.SBR
H:\TO DELETE\CMP103 PROJECT S2014 - ALL DOCS - INSTRUCTOR\PROJECT\CMP103 PROJECT S2015 - ALL DOCS - STUDENT\PROJECT FRAMEWORK\DEBUG\AUXIL.OBJ
H:\TO DELETE\CMP103 PROJECT S2014 - ALL DOCS - INSTRUCTOR\PROJECT\CMP103 PROJECT S2015 - ALL DOCS - STUDENT\PROJECT FRAMEWORK\DEBUG\AUXIL.SBR
H:\to delete\CMP103 Project S2014 - ALL Docs - Instructor\PROJECT\CMP103 Project S2015 - ALL Docs - student\Project Framework\Debug\BscMake.command.1.tlog
H:\to delete\CMP103 Project S2014 - ALL Docs - Instructor\PROJECT\CMP103 Project S2015 - ALL Docs - student\Project Framework\Debug\bscmake.read.1.tlog
H:\to delete\CMP103 Project S2014 - ALL Docs - Instructor\PROJECT\CMP103 Project S2015 - ALL Docs - student\Project Framework\Debug\bscmake.write.1.tlog
H:\to delete\CMP103 Project S2014 - ALL Docs - Instructor\PROJECT\CMP103 Project S2015 - ALL Docs - student\Project Framework\Debug\cl.command.1.tlog
H:\to delete\CMP103 Project S2014 - ALL Docs - Instructor\PROJECT\CMP103 Project S2015 - ALL Docs - student\Project Framework\Debug\CL.read.1.tlog
H:\to delete\CMP103 Project S2014 - ALL Docs - Instructor\PROJECT\CMP103 Project S2015 - ALL Docs - student\Project Framework\Debug\CL.write.1.tlog
H:\TO DELETE\CMP103 PROJECT S2014 - ALL DOCS - INSTRUCTOR\PROJECT\CMP103 PROJECT S2015 - ALL DOCS - STUDENT\PROJECT FRAMEWORK\DEBUG\CMUGRAPHICS.OBJ
H:\TO DELETE\CMP103 PROJECT S2014 - ALL DOCS - INSTRUCTOR\PROJECT\CMP103 PROJECT S2015 - ALL DOCS - STUDENT\PROJECT FRAMEWORK\DEBUG\CMUGRAPHICS.SBR
H:\TO DELETE\CMP103 PROJECT S2014 - ALL DOCS - INSTRUCTOR\PROJECT\CMP103 PROJECT S2015 - ALL DOCS - STUDENT\PROJECT FRAMEWORK\DEBUG\CONNECTOR.OBJ
H:\TO DELETE\CMP103 PROJECT S2014 - ALL DOCS - INSTRUCTOR\PROJECT\CMP103 PROJECT S2015 - ALL DOCS - STUDENT\PROJECT FRAMEWORK\DEBUG\CONNECTOR.SBR
H:\TO DELETE\CMP103 PROJECT S2014 - ALL DOCS - INSTRUCTOR\PROJECT\CMP103 PROJECT S2015 - ALL DOCS - STUDENT\PROJECT FRAMEWORK\DEBUG\IMAGE.OBJ
H:\TO DELETE\CMP103 PROJECT S2014 - ALL DOCS - INSTRUCTOR\PROJECT\CMP103 PROJECT S2015 - ALL DOCS - STUDENT\PROJECT FRAMEWORK\DEBUG\IMAGE.SBR
H:\TO DELETE\CMP103 PROJECT S2014 - ALL DOCS - INSTRUCTOR\PROJECT\CMP103 PROJECT S2015 - ALL DOCS - STUDENT\PROJECT FRAMEWORK\DEBUG\INPUT.OBJ
H:\TO DELETE\CMP103 PROJECT S2014 - ALL DOCS - INSTRUCTOR\PROJECT\CMP103 PROJECT S2015 - ALL DOCS - STUDENT\PROJECT FRAMEWORK\DEBUG\INPUT.SBR
H:\TO DELETE\CMP103 PROJECT S2014 - ALL DOCS - INSTRUCTOR\PROJECT\CMP103 PROJECT S2015 - ALL DOCS - STUDENT\PROJECT FRAMEWORK\DEBUG\JCOMAPI.OBJ
H:\TO DELETE\CMP103 PROJECT S2014 - ALL DOCS - INSTRUCTOR\PROJECT\CMP103 PROJECT S2015 - ALL DOCS - STUDENT\PROJECT FRAMEWORK\DEBUG\JCOMAPI.SBR
H:\TO DELETE\CMP103 PROJECT S2014 - ALL DOCS - INSTRUCTOR\PROJECT\CMP103 PROJECT S2015 - ALL DOCS - STUDENT\PROJECT FRAMEWORK\DEBUG\JCPARAM.OBJ
H:\TO DELETE\CMP103 PROJECT S2014 - ALL DOCS - INSTRUCTOR\PROJECT\CMP103 PROJECT S2015 - ALL DOCS - STUDENT\PROJECT FRAMEWORK\DEBUG\JCPARAM.SBR
H:\TO DELETE\CMP103 PROJECT S2014 - ALL DOCS - INSTRUCTOR\PROJECT\CMP103 PROJECT S2015 - ALL DOCS - STUDENT\PROJECT FRAMEWORK\DEBUG\JDAPIMIN.OBJ
H:\TO DELETE\CMP103 PROJECT S2014 - ALL DOCS - INSTRUCTOR\PROJECT\CMP103 PROJECT S2015 - ALL DOCS - STUDENT\PROJECT FRAMEWORK\DEBUG\JDAPIMIN.SBR
H:\TO DELETE\CMP103 PROJECT S2014 - ALL DOCS - INSTRUCTOR\PROJECT\CMP103 PROJECT S2015 - ALL DOCS - STUDENT\PROJECT FRAMEWORK\DEBUG\JDAPISTD.OBJ
H:\TO DELETE\CMP103 PROJECT S2014 - ALL DOCS - INSTRUCTOR\PROJECT\CMP103 PROJECT S2015 - ALL DOCS - STUDENT\PROJECT FRAMEWORK\DEBUG\JDAPISTD.SBR
H:\TO DELETE\CMP103 PROJECT S2014 - ALL DOCS - INSTRUCTOR\PROJECT\CMP103 PROJECT S2015 - ALL DOCS - STUDENT\PROJECT FRAMEWORK\DEBUG\JDATASRC.OBJ
H:\TO DELETE\CMP103 PROJECT S2014 - ALL DOCS - INSTRUCTOR\PROJECT\CMP103 PROJECT S2015 - ALL DOCS - STUDENT\PROJECT FRAMEWORK\DEBUG\JDATASRC.SBR
H:\TO DELETE\CMP103 PROJECT S2014 - ALL DOCS - INSTRUCTOR\PROJECT\CMP103 PROJECT S2015 - ALL DOCS - STUDENT\PROJECT FRAMEWORK\DEBUG\JDCOEFCT.OBJ
H:\TO DELETE\CMP103 PROJECT S2014 - ALL DOCS - INSTRUCTOR\PROJECT\CMP103 PROJECT S2015 - ALL DOCS - STUDENT\PROJECT FRAMEWORK\DEBUG\JDCOEFCT.SBR
H:\TO DELETE\CMP103 PROJECT S2014 - ALL DOCS - INSTRUCTOR\PROJECT\CMP103 PROJECT S2015 - ALL DOCS - STUDENT\PROJECT FRAMEWORK\DEBUG\JDCOLOR.OBJ
H:\TO DELETE\CMP103 PROJECT S2014 - ALL DOCS - INSTRUCTOR\PROJECT\CMP103 PROJECT S2015 - ALL DOCS - STUDENT\PROJECT FRAMEWORK\DEBUG\JDCOLOR.SBR
H:\TO DELETE\CMP103 PROJECT S2014 - ALL DOCS - INSTRUCTOR\PROJECT\CMP103 PROJECT S2015 - ALL DOCS - STUDENT\PROJECT FRAMEWORK\DEBUG\JDDCTMGR.OBJ
H:\TO DELETE\CMP103 PROJECT S2014 - ALL DOCS - INSTRUCTOR\PROJECT\CMP103 PROJECT S2015 - ALL DOCS - STUDENT\PROJECT FRAMEWORK\DEBUG\JDDCTMGR.SBR
H:\TO DELETE\CMP103 PROJECT S2014 - ALL DOCS - INSTRUCTOR\PROJECT\CMP103 PROJECT S2015 - ALL DOCS - STUDENT\PROJECT FRAMEWORK\DEBUG\JDHUFF.OBJ
H:\TO DELETE\CMP103 PROJECT S2014 - ALL DOCS - INSTRUCTOR\PROJECT\CMP103 PROJECT S2015 - ALL DOCS - STUDENT\PROJECT FRAMEWORK\DEBUG\JDHUFF.SBR
H:\TO DELETE\CMP103 PROJECT S2014 - ALL DOCS - INSTRUCTOR\PROJECT\CMP103 PROJECT S2015 - ALL DOCS - STUDENT\PROJECT FRAMEWORK\DEBUG\JDINPUT.OBJ
H:\TO DELETE\CMP103 PROJECT S2014 - ALL DOCS - INSTRUCTOR\PROJECT\CMP103 PROJECT S2015 - ALL DOCS - STUDENT\PROJECT FRAMEWORK\DEBUG\JDINPUT.SBR
H:\TO DELETE\CMP103 PROJECT S2014 - ALL DOCS - INSTRUCTOR\PROJECT\CMP103 PROJECT S2015 - ALL DOCS - STUDENT\PROJECT FRAMEWORK\DEBUG\JDMAINCT.OBJ
H:\TO DELETE\CMP103 PROJECT S2014 - ALL DOCS - INSTRUCTOR\PROJECT\CMP103 PROJECT S2015 - ALL DOCS - STUDENT\PROJECT FRAMEWORK\DEBUG\JDMAINCT.SBR
H:\TO DELETE\CMP103 PROJECT S2014 - ALL DOCS - INSTRUCTOR\PROJECT\CMP103 PROJECT S2015 - ALL DOCS - STUDENT\PROJECT FRAMEWORK\DEBUG\JDMARKER.OBJ
H:\TO DELETE\CMP103 PROJECT S2014 - ALL DOCS - INSTRUCTOR\PROJECT\CMP103 PROJECT S2015 - ALL DOCS - STUDENT\PROJECT FRAMEWORK\DEBUG\JDMARKER.SBR
H:\TO DELETE\CMP103 PROJECT S2014 - ALL DOCS - INSTRUCTOR\PROJECT\CMP103 PROJECT S2015 - ALL DOCS - STUDENT\PROJECT FRAMEWORK\DEBUG\JDMASTER.OBJ
H:\TO DELETE\CMP103 PROJECT S2014 - ALL DOCS - INSTRUCTOR\PROJECT\CMP103 PROJECT S2015 - ALL DOCS - STUDENT\PROJECT FRAMEWORK\DEBUG\JDMASTER.SBR
H:\TO DELETE\CMP103 PROJECT S2014 - ALL DOCS - INSTRUCTOR\PROJECT\CMP103 PROJECT S2015 - ALL DOCS - STUDENT\PROJECT FRAMEWORK\DEBUG\JDMERGE.OBJ
H:\TO DELETE\CMP103 PROJECT S2014 - ALL DOCS - INSTRUCTOR\PROJECT\CMP103 PROJECT S2015 - ALL DOCS - STUDENT\PROJECT FRAMEWORK\DEBUG\JDMERGE.SBR
H:\TO DELETE\CMP103 PROJECT S2014 - ALL DOCS - INSTRUCTOR\PROJECT\CMP103 PROJECT S2015 - ALL DOCS - STUDENT\PROJECT FRAMEWORK\DEBUG\JDPHUFF.OBJ
H:\TO DELETE\CMP103 PROJECT S2014 - ALL DOCS - INSTRUCTOR\PROJECT\CMP103 PROJECT S2015 - ALL DOCS - STUDENT\PROJECT FRAMEWORK\DEBUG\JDPHUFF.SBR
H:\TO DELETE\CMP103 PROJECT S2014 - ALL DOCS - INSTRUCTOR\PROJECT\CMP103 PROJECT S2015 - ALL DOCS - STUDENT\PROJECT FRAMEWORK\DEBUG\JDPOSTCT.OBJ
H:\TO DELETE\CMP103 PROJECT S2014 - ALL DOCS - INSTRUCTOR\PROJECT\CMP103 PROJECT S2015 - ALL DOCS - STUDENT\PROJECT FRAMEWORK\DEBUG\JDPOSTCT.SBR
H:\TO DELETE\CMP103 PROJECT S2014 - ALL DOCS - INSTRUCTOR\PROJECT\CMP103 PROJECT S2015 - ALL DOCS - STUDENT\PROJECT FRAMEWORK\DEBUG\JDSAMPLE.OBJ
H:\TO DELETE\CMP103 PROJECT S2014 - ALL DOCS - INSTRUCTOR\PROJECT\CMP103 PROJECT S2015 - ALL DOCS - STUDENT\PROJECT FRAMEWORK\DEBUG\JDSAMPLE.SBR
H:\TO DELETE\CMP103 PROJECT S2014 - ALL DOCS - INSTRUCTOR\PROJECT\CMP103 PROJECT S2015 - ALL DOCS - STUDENT\PROJECT FRAMEWORK\DEBUG\JDTRANS.OBJ
H:\TO DELETE\CMP103 PROJECT S2014 - ALL DOCS - INSTRUCTOR\PROJECT\CMP103 PROJECT S2015 - ALL DOCS - STUDENT\PROJECT FRAMEWORK\DEBUG\JDTRANS.SBR
H:\TO DELETE\CMP103 PROJECT S2014 - ALL DOCS - INSTRUCTOR\PROJECT\CMP103 PROJECT S2015 - ALL DOCS - STUDENT\PROJECT FRAMEWORK\DEBUG\JERROR.OBJ
H:\TO DELETE\CMP103 PROJECT S2014 - ALL DOCS - INSTRUCTOR\PROJECT\CMP103 PROJECT S2015 - ALL DOCS - STUDENT\PROJECT FRAMEWORK\DEBUG\JERROR.SBR
H:\TO DELETE\CMP103 PROJECT S2014 - ALL DOCS - INSTRUCTOR\PROJECT\CMP103 PROJECT S2015 - ALL DOCS - STUDENT\PROJECT FRAMEWORK\DEBUG\JIDCTFLT.OBJ
H:\TO DELETE\CMP103 PROJECT S2014 - ALL DOCS - INSTRUCTOR\PROJECT\CMP103 PROJECT S2015 - ALL DOCS - STUDENT\PROJECT FRAMEWORK\DEBUG\JIDCTFLT.SBR
H:\TO DELETE\CMP103 PROJECT S2014 - ALL DOCS - INSTRUCTOR\PROJECT\CMP103 PROJECT S2015 - ALL DOCS - STUDENT\PROJECT FRAMEWORK\DEBUG\JIDCTFST.OBJ
H:\TO DELETE\CMP103 PROJECT S2014 - ALL DOCS - INSTRUCTOR\PROJECT\CMP103 PROJECT S2015 - ALL DOCS - STUDENT\PROJECT FRAMEWORK\DEBUG\JIDCTFST.SBR
H:\TO DELETE\CMP103 PROJECT S2014 - ALL DOCS - INSTRUCTOR\PROJECT\CMP103 PROJECT S2015 - ALL DOCS - STUDENT\PROJECT FRAMEWORK\DEBUG\JIDCTINT.OBJ
H:\TO DELETE\CMP103 PROJECT S2014 - ALL DOCS - INSTRUCTOR\PROJECT\CMP103 PROJECT S2015 - ALL DOCS - STUDENT\PROJECT FRAMEWORK\DEBUG\JIDCTINT.SBR
H:\TO DELETE\CMP103 PROJECT S2014 - ALL DOCS - INSTRUCTOR\PROJECT\CMP103 PROJECT S2015 - ALL DOCS - STUDENT\PROJECT FRAMEWORK\DEBUG\JIDCTRED.OBJ
H:\TO DELETE\CMP103 PROJECT S2014 - ALL DOCS - INSTRUCTOR\PROJECT\CMP103 PROJECT S2015 - ALL DOCS - STUDENT\PROJECT FRAMEWORK\DEBUG\JIDCTRED.SBR
H:\TO DELETE\CMP103 PROJECT S2014 - ALL DOCS - INSTRUCTOR\PROJECT\CMP103 PROJECT S2015 - ALL DOCS - STUDENT\PROJECT FRAMEWORK\DEBUG\JMEMMGR.OBJ
H:\TO DELETE\CMP103 PROJECT S2014 - ALL DOCS - INSTRUCTOR\PROJECT\CMP103 PROJECT S2015 - ALL DOCS - STUDENT\PROJECT FRAMEWORK\DEBUG\JMEMMGR.SBR
H:\TO DELETE\CMP103 PROJECT S2014 - ALL DOCS - INSTRUCTOR\PROJECT\CMP103 PROJECT S2015 - ALL DOCS - STUDENT\PROJECT FRAMEWORK\DEBUG\JMEMNOBS.OBJ
H:\TO DELETE\CMP103 PROJECT S2014 - ALL DOCS - INSTRUCTOR\PROJECT\CMP103 PROJECT S2015 - ALL DOCS - STUDENT\PROJECT FRAMEWORK\DEBUG\JMEMNOBS.SBR
H:\TO DELETE\CMP103 PROJECT S2014 - ALL DOCS - INSTRUCTOR\PROJECT\CMP103 PROJECT S2015 - ALL DOCS - STUDENT\PROJECT FRAMEWORK\DEBUG\JPEGLOAD.OBJ
H:\TO DELETE\CMP103 PROJECT S2014 - ALL DOCS - INSTRUCTOR\PROJECT\CMP103 PROJECT S2015 - ALL DOCS - STUDENT\PROJECT FRAMEWORK\DEBUG\JPEGLOAD.SBR
H:\TO DELETE\CMP103 PROJECT S2014 - ALL DOCS - INSTRUCTOR\PROJECT\CMP103 PROJECT S2015 - ALL DOCS - STUDENT\PROJECT FRAMEWORK\DEBUG\JQUANT1.OBJ
H:\TO DELETE\CMP103 PROJECT S2014 - ALL DOCS - INSTRUCTOR\PROJECT\CMP103 PROJECT S2015 - ALL DOCS - STUDENT\PROJECT FRAMEWORK\DEBUG\JQUANT1.SBR
H:\TO DELETE\CMP103 PROJECT S2014 - ALL DOCS - INSTRUCTOR\PROJECT\CMP103 PROJECT S2015 - ALL DOCS - STUDENT\PROJECT FRAMEWORK\DEBUG\JQUANT2.OBJ
H:\TO DELETE\CMP103 PROJECT S2014 - ALL DOCS - INSTRUCTOR\PROJECT\CMP103 PROJECT S2015 - ALL DOCS - STUDENT\PROJECT FRAMEWORK\DEBUG\JQUANT2.SBR
H:\TO DELETE\CMP103 PROJECT S2014 - ALL DOCS - INSTRUCTOR\PROJECT\CMP103 PROJECT S2015 - ALL DOCS - STUDENT\PROJECT FRAMEWORK\DEBUG\JUTILS.OBJ
H:\TO DELETE\CMP103 PROJECT S2014 - ALL DOCS - INSTRUCTOR\PROJECT\CMP103 PROJECT S2015 - ALL DOCS - STUDENT\PROJECT FRAMEWORK\DEBUG\JUTILS.SBR
H:\TO DELETE\CMP103 PROJECT S2014 - ALL DOCS - INSTRUCTOR\PROJECT\CMP103 PROJECT S2015 - ALL DOCS - STUDENT\PROJECT FRAMEWORK\DEBUG\KEYQUEUE.OBJ
H:\TO DELETE\CMP103 PROJECT S2014 - ALL DOCS - INSTRUCTOR\PROJECT\CMP103 PROJECT S2015 - ALL DOCS - STUDENT\PROJECT FRAMEWORK\DEBUG\KEYQUEUE.SBR
H:\to delete\CMP103 Project S2014 - ALL Docs - Instructor\PROJECT\CMP103 Project S2015 - ALL Docs - student\Project Framework\Debug\link.5344.read.1.tlog
H:\to delete\CMP103 Project S2014 - ALL Docs - Instructor\PROJECT\CMP103 Project S2015 - ALL Docs - student\Project Framework\Debug\link.5344.write.1.tlog
H:\to delete\CMP103 Project S2014 - ALL Docs - Instructor\PROJECT\CMP103 Project S2015 - ALL Docs - student\Project Framework\Debug\link.5344-cvtres.read.1.tlog
H:\to delete\CMP103 Project S2014 - ALL Docs - Instructor\PROJECT\CMP103 Project S2015 - ALL Docs - student\Project Framework\Debug\link.5344-cvtres.write.1.tlog
H:\to delete\CMP103 Project S2014 - ALL Docs - Instructor\PROJECT\CMP103 Project S2015 - ALL Docs - student\Project Framework\Debug\link.command.1.tlog
H:\to delete\CMP103 Project S2014 - ALL Docs - Instructor\PROJECT\CMP103 Project S2015 - ALL Docs - student\Project Framework\Debug\link.read.1.tlog
H:\to delete\CMP103 Project S2014 - ALL Docs - Instructor\PROJECT\CMP103 Project S2015 - ALL Docs - student\Project Framework\Debug\link.write.1.tlog
H:\to delete\CMP103 Project S2014 - ALL Docs - Instructor\PROJECT\CMP103 Project S2015 - ALL Docs - student\Project Framework\Debug\link-cvtres.read.1.tlog
H:\to delete\CMP103 Project S2014 - ALL Docs - Instructor\PROJECT\CMP103 Project S2015 - ALL Docs - student\Project Framework\Debug\link-cvtres.write.1.tlog
H:\TO DELETE\CMP103 PROJECT S2014 - ALL DOCS - INSTRUCTOR\PROJECT\CMP103 PROJECT S2015 - ALL DOCS - STUDENT\PROJECT FRAMEWORK\DEBUG\MAIN.OBJ
H:\TO DELETE\CMP103 PROJECT S2014 - ALL DOCS - INSTRUCTOR\PROJECT\CMP103 PROJECT S2015 - ALL DOCS - STUDENT\PROJECT FRAMEWORK\DEBUG\MAIN.SBR
H:\TO DELETE\CMP103 PROJECT S2014 - ALL DOCS - INSTRUCTOR\PROJECT\CMP103 PROJECT S2015 - ALL DOCS - STUDENT\PROJECT FRAMEWORK\DEBUG\MOUSEQUEUE.OBJ
H:\TO DELETE\CMP103 PROJECT S2014 - ALL DOCS - INSTRUCTOR\PROJECT\CMP103 PROJECT S2015 - ALL DOCS - STUDENT\PROJECT FRAMEWORK\DEBUG\MOUSEQUEUE.SBR
H:\to delete\CMP103 Project S2014 - ALL Docs - Instructor\PROJECT\CMP103 Project S2015 - ALL Docs - student\Project Framework\Debug\mt.command.1.tlog
H:\to delete\CMP103 Project S2014 - ALL Docs - Instructor\PROJECT\CMP103 Project S2015 - ALL Docs - student\Project Framework\Debug\mt.read.1.tlog
H:\to delete\CMP103 Project S2014 - ALL Docs - Instructor\PROJECT\CMP103 Project S2015 - ALL Docs - student\Project Framework\Debug\mt.write.1.tlog
H:\TO DELETE\CMP103 PROJECT S2014 - ALL DOCS - INSTRUCTOR\PROJECT\CMP103 PROJECT S2015 - ALL DOCS - STUDENT\PROJECT FRAMEWORK\DEBUG\OUTPUT.OBJ
H:\TO DELETE\CMP103 PROJECT S2014 - ALL DOCS - INSTRUCTOR\PROJECT\CMP103 PROJECT S2015 - ALL DOCS - STUDENT\PROJECT FRAMEWORK\DEBUG\OUTPUT.SBR
H:\TO DELETE\CMP103 PROJECT S2014 - ALL DOCS - INSTRUCTOR\PROJECT\CMP103 PROJECT S2015 - ALL DOCS - STUDENT\PROJECT FRAMEWORK\DEBUG\PT PROJECT.BSC
H:\TO DELETE\CMP103 PROJECT S2014 - ALL DOCS - INSTRUCTOR\PROJECT\CMP103 PROJECT S2015 - ALL DOCS - STUDENT\PROJECT FRAMEWORK\DEBUG\PT PROJECT.EXE
H:\TO DELETE\CMP103 PROJECT S2014 - ALL DOCS - INSTRUCTOR\PROJECT\CMP103 PROJECT S2015 - ALL DOCS - STUDENT\PROJECT FRAMEWORK\DEBUG\PT PROJECT.EXE.EMBED.MANIFEST
H:\TO DELETE\CMP103 PROJECT S2014 - ALL DOCS - INSTRUCTOR\PROJECT\CMP103 PROJECT S2015 - ALL DOCS - STUDENT\PROJECT FRAMEWORK\DEBUG\PT PROJECT.EXE.EMBED.MANIFEST.RES
H:\TO DELETE\CMP103 PROJECT S2014 - ALL DOCS - INSTRUCTOR\PROJECT\CMP103 PROJECT S2015 - ALL DOCS - STUDENT\PROJECT FRAMEWORK\DEBUG\PT PROJECT.EXE.INTERMEDIATE.MANIFEST
H:\TO DELETE\CMP103 PROJECT S2014 - ALL DOCS - INSTRUCTOR\PROJECT\CMP103 PROJECT S2015 - ALL DOCS - STUDENT\PROJECT FRAMEWORK\DEBUG\PT PROJECT.ILK
H:\TO DELETE\CMP103 PROJECT S2014 - ALL DOCS - INSTRUCTOR\PROJECT\CMP103 PROJECT S2015 - ALL DOCS - STUDENT\PROJECT FRAMEWORK\DEBUG\PT PROJECT.PDB
H:\to delete\CMP103 Project S2014 - ALL Docs - Instructor\PROJECT\CMP103 Project S2015 - ALL Docs - student\Project Framework\Debug\PT Project_manifest.rc
H:\to delete\CMP103 Project S2014 - ALL Docs - Instructor\PROJECT\CMP103 Project S2015 - ALL Docs - student\Project Framework\Debug\rc.command.1.tlog
H:\to delete\CMP103 Project S2014 - ALL Docs - Instructor\PROJECT\CMP103 Project S2015 - ALL Docs - student\Project Framework\Debug\rc.read.1.tlog
H:\to delete\CMP103 Project S2014 - ALL Docs - Instructor\PROJECT\CMP103 Project S2015 - ALL Docs - student\Project Framework\Debug\rc.write.1.tlog
H:\TO DELETE\CMP103 PROJECT S2014 - ALL DOCS - INSTRUCTOR\PROJECT\CMP103 PROJECT S2015 - ALL DOCS - STUDENT\PROJECT FRAMEWORK\DEBUG\SMPLASSIGN.OBJ
H:\TO DELETE\CMP103 PROJECT S2014 - ALL DOCS - INSTRUCTOR\PROJECT\CMP103 PROJECT S2015 - ALL DOCS - STUDENT\PROJECT FRAMEWORK\DEBUG\SMPLASSIGN.SBR
H:\TO DELETE\CMP103 PROJECT S2014 - ALL DOCS - INSTRUCTOR\PROJECT\CMP103 PROJECT S2015 - ALL DOCS - STUDENT\PROJECT FRAMEWORK\DEBUG\STATEMENT.OBJ
H:\TO DELETE\CMP103 PROJECT S2014 - ALL DOCS - INSTRUCTOR\PROJECT\CMP103 PROJECT S2015 - ALL DOCS - STUDENT\PROJECT FRAMEWORK\DEBUG\STATEMENT.SBR
H:\to delete\CMP103 Project S2014 - ALL Docs - Instructor\PROJECT\CMP103 Project S2015 - ALL Docs - student\Project Framework\Debug\vc100.idb
H:\TO DELETE\CMP103 PROJECT S2014 - ALL DOCS - INSTRUCTOR\PROJECT\CMP103 PROJECT S2015 - ALL DOCS - STUDENT\PROJECT FRAMEWORK\DEBUG\VC100.PDB
H:\TO DELETE\CMP103 PROJECT S2014 - ALL DOCS - INSTRUCTOR\PROJECT\CMP103 PROJECT S2015 - ALL DOCS - STUDENT\PROJECT FRAMEWORK\DEBUG\WINDOWINPUT.OBJ
H:\TO DELETE\CMP103 PROJECT S2014 - ALL DOCS - INSTRUCTOR\PROJECT\CMP103 PROJECT S2015 - ALL DOCS - STUDENT\PROJECT FRAMEWORK\DEBUG\WINDOWINPUT.SBR
